android/app/build/intermediates/manifest_merge_blame_file/debug/manifest-merger-blame-debug-report.txt
1<?xml version="1.0" encoding="utf-8"?>
2<manifest xmlns:android="http://schemas.android.com/apk/res/android"
3    package="com.ecommerce"
4    android:versionCode="1"
5    android:versionName="1.0" >
6
7    <uses-sdk
8        android:minSdkVersion="21"
9        android:targetSdkVersion="31" />
10
11    <uses-permission android:name="android.permission.SYSTEM_ALERT_WINDOW" />
11-->src\debug\AndroidManifest.xml:5:5-77
11-->src\debug\AndroidManifest.xml:5:22-75
12    <uses-permission android:name="android.permission.INTERNET" />
12-->src\main\AndroidManifest.xml:4:5-67
12-->src\main\AndroidManifest.xml:4:22-64
13    <uses-permission android:name="android.permission.ACCESS_WIFI_STATE" />
13-->[com.facebook.flipper:flipper:0.125.0] AndroidManifest.xml:16:5-76
13-->[com.facebook.flipper:flipper:0.125.0] AndroidManifest.xml:16:22-73
14
15    <queries>
15-->[com.razorpay:checkout:1.6.30] AndroidManifest.xml:10:5-39:15
16        <intent>
16-->[com.razorpay:checkout:1.6.30] AndroidManifest.xml:11:9-17:18
17            <action android:name="android.intent.action.VIEW" />
17-->[com.razorpay:checkout:1.6.30] AndroidManifest.xml:12:13-65
17-->[com.razorpay:checkout:1.6.30] AndroidManifest.xml:12:21-62
18
19            <data
19-->[com.razorpay:checkout:1.6.30] AndroidManifest.xml:14:13-16:38
20                android:mimeType="*/*"
20-->[com.razorpay:checkout:1.6.30] AndroidManifest.xml:15:17-39
21                android:scheme="*" />
21-->[com.razorpay:checkout:1.6.30] AndroidManifest.xml:16:17-35
22        </intent>
23        <intent>
23-->[com.razorpay:checkout:1.6.30] AndroidManifest.xml:18:9-27:18
24            <action android:name="android.intent.action.VIEW" />
24-->[com.razorpay:checkout:1.6.30] AndroidManifest.xml:12:13-65
24-->[com.razorpay:checkout:1.6.30] AndroidManifest.xml:12:21-62
25
26            <category android:name="android.intent.category.BROWSABLE" />
26-->[com.razorpay:checkout:1.6.30] AndroidManifest.xml:21:13-74
26-->[com.razorpay:checkout:1.6.30] AndroidManifest.xml:21:23-71
27
28            <data
28-->[com.razorpay:checkout:1.6.30] AndroidManifest.xml:14:13-16:38
29                android:host="pay"
30                android:mimeType="*/*"
30-->[com.razorpay:checkout:1.6.30] AndroidManifest.xml:15:17-39
31                android:scheme="upi" />
31-->[com.razorpay:checkout:1.6.30] AndroidManifest.xml:16:17-35
32        </intent>
33        <intent>
33-->[com.razorpay:checkout:1.6.30] AndroidManifest.xml:28:9-30:18
34            <action android:name="android.intent.action.MAIN" />
34-->src\main\AndroidManifest.xml:21:13-65
34-->src\main\AndroidManifest.xml:21:21-62
35        </intent>
36        <intent>
36-->[com.razorpay:checkout:1.6.30] AndroidManifest.xml:31:9-35:18
37            <action android:name="android.intent.action.SEND" />
37-->[com.razorpay:checkout:1.6.30] AndroidManifest.xml:32:13-65
37-->[com.razorpay:checkout:1.6.30] AndroidManifest.xml:32:21-62
38
39            <data android:mimeType="*/*" />
39-->[com.razorpay:checkout:1.6.30] AndroidManifest.xml:14:13-16:38
39-->[com.razorpay:checkout:1.6.30] AndroidManifest.xml:15:17-39
40        </intent>
41        <intent>
41-->[com.razorpay:checkout:1.6.30] AndroidManifest.xml:36:9-38:18
42            <action android:name="rzp.device_token.share" />
42-->[com.razorpay:checkout:1.6.30] AndroidManifest.xml:37:13-61
42-->[com.razorpay:checkout:1.6.30] AndroidManifest.xml:37:21-58
43        </intent>
44    </queries> <!-- Include required permissions for Google Maps API to run. -->
45    <uses-permission android:name="android.permission.ACCESS_NETWORK_STATE" />
45-->[com.google.android.gms:play-services-maps:17.0.0] AndroidManifest.xml:23:5-79
45-->[com.google.android.gms:play-services-maps:17.0.0] AndroidManifest.xml:23:22-76
46
47    <uses-feature
47-->[com.google.android.gms:play-services-maps:17.0.0] AndroidManifest.xml:26:5-28:35
48        android:glEsVersion="0x00020000"
48-->[com.google.android.gms:play-services-maps:17.0.0] AndroidManifest.xml:27:9-41
49        android:required="true" />
49-->[com.google.android.gms:play-services-maps:17.0.0] AndroidManifest.xml:28:9-32
50
51    <application
51-->src\main\AndroidManifest.xml:6:5-25:19
52        android:name="com.ecommerce.MainApplication"
52-->src\main\AndroidManifest.xml:7:7-38
53        android:allowBackup="false"
53-->src\main\AndroidManifest.xml:11:7-34
54        android:appComponentFactory="androidx.core.app.CoreComponentFactory"
54-->[androidx.core:core:1.7.0] AndroidManifest.xml:24:18-86
55        android:debuggable="true"
56        android:icon="@mipmap/ic_launcher"
56-->src\main\AndroidManifest.xml:9:7-41
57        android:label="@string/app_name"
57-->src\main\AndroidManifest.xml:8:7-39
58        android:roundIcon="@mipmap/ic_launcher_round"
58-->src\main\AndroidManifest.xml:10:7-52
59        android:theme="@style/AppTheme"
59-->src\main\AndroidManifest.xml:12:7-38
60        android:usesCleartextTraffic="true" >
60-->src\debug\AndroidManifest.xml:8:9-44
61        <activity
61-->src\debug\AndroidManifest.xml:11:9-111
62            android:name="com.facebook.react.devsupport.DevSettingsActivity"
62-->src\debug\AndroidManifest.xml:11:19-83
63            android:exported="false" />
63-->src\debug\AndroidManifest.xml:11:84-108
64        <activity
64-->src\main\AndroidManifest.xml:13:7-24:18
65            android:name="com.ecommerce.MainActivity"
65-->src\main\AndroidManifest.xml:14:9-37
66            android:configChanges="keyboard|keyboardHidden|orientation|screenLayout|screenSize|smallestScreenSize|uiMode"
66-->src\main\AndroidManifest.xml:16:9-118
67            android:exported="true"
67-->src\main\AndroidManifest.xml:19:9-32
68            android:label="@string/app_name"
68-->src\main\AndroidManifest.xml:15:9-41
69            android:launchMode="singleTask"
69-->src\main\AndroidManifest.xml:17:9-40
70            android:windowSoftInputMode="adjustResize" >
70-->src\main\AndroidManifest.xml:18:9-51
71            <intent-filter>
71-->src\main\AndroidManifest.xml:20:9-23:25
72                <action android:name="android.intent.action.MAIN" />
72-->src\main\AndroidManifest.xml:21:13-65
72-->src\main\AndroidManifest.xml:21:21-62
73
74                <category android:name="android.intent.category.LAUNCHER" />
74-->src\main\AndroidManifest.xml:22:13-73
74-->src\main\AndroidManifest.xml:22:23-70
75            </intent-filter>
76        </activity>
77        <activity
77-->[:react-native-razorpay] AndroidManifest.xml:10:9-12:86
78            android:name="com.razorpay.CheckoutActivity"
78-->[:react-native-razorpay] AndroidManifest.xml:11:13-57
79            android:configChanges="keyboard|keyboardHidden|orientation|screenSize"
79-->[:react-native-razorpay] AndroidManifest.xml:12:13-83
80            android:exported="true"
80-->[com.razorpay:checkout:1.6.30] AndroidManifest.xml:54:13-36
81            android:theme="@style/CheckoutTheme" >
81-->[com.razorpay:checkout:1.6.30] AndroidManifest.xml:55:13-49
82            <intent-filter>
82-->[com.razorpay:checkout:1.6.30] AndroidManifest.xml:56:13-58:29
83                <action android:name="android.intent.action.MAIN" />
83-->src\main\AndroidManifest.xml:21:13-65
83-->src\main\AndroidManifest.xml:21:21-62
84            </intent-filter>
85        </activity>
86
87        <receiver
87-->[com.razorpay:checkout:1.6.30] AndroidManifest.xml:42:9-49:20
88            android:name="com.razorpay.RzpTokenReceiver"
88-->[com.razorpay:checkout:1.6.30] AndroidManifest.xml:43:13-57
89            android:exported="true" >
89-->[com.razorpay:checkout:1.6.30] AndroidManifest.xml:44:13-36
90            <intent-filter>
90-->[com.razorpay:checkout:1.6.30] AndroidManifest.xml:46:13-48:29
91                <action android:name="rzp.device_token.share" />
91-->[com.razorpay:checkout:1.6.30] AndroidManifest.xml:37:13-61
91-->[com.razorpay:checkout:1.6.30] AndroidManifest.xml:37:21-58
92            </intent-filter>
93        </receiver>
94
95        <meta-data
95-->[com.razorpay:checkout:1.6.30] AndroidManifest.xml:61:9-63:58
96            android:name="com.razorpay.plugin.googlepay_all"
96-->[com.razorpay:checkout:1.6.30] AndroidManifest.xml:62:13-61
97            android:value="com.razorpay.RzpGpayMerged" />
97-->[com.razorpay:checkout:1.6.30] AndroidManifest.xml:63:13-55
98
99        <activity
99-->[com.google.android.gms:play-services-auth:17.0.0] AndroidManifest.xml:23:9-27:75
100            android:name="com.google.android.gms.auth.api.signin.internal.SignInHubActivity"
100-->[com.google.android.gms:play-services-auth:17.0.0] AndroidManifest.xml:24:13-93
101            android:excludeFromRecents="true"
101-->[com.google.android.gms:play-services-auth:17.0.0] AndroidManifest.xml:25:13-46
102            android:exported="false"
102-->[com.google.android.gms:play-services-auth:17.0.0] AndroidManifest.xml:26:13-37
103            android:theme="@android:style/Theme.Translucent.NoTitleBar" />
103-->[com.google.android.gms:play-services-auth:17.0.0] AndroidManifest.xml:27:13-72
104        <!--
105            Service handling Google Sign-In user revocation. For apps that do not integrate with
106            Google Sign-In, this service will never be started.
107        -->
108        <service
108-->[com.google.android.gms:play-services-auth:17.0.0] AndroidManifest.xml:33:9-36:110
109            android:name="com.google.android.gms.auth.api.signin.RevocationBoundService"
109-->[com.google.android.gms:play-services-auth:17.0.0] AndroidManifest.xml:34:13-89
110            android:exported="true"
110-->[com.google.android.gms:play-services-auth:17.0.0] AndroidManifest.xml:35:13-36
111            android:permission="com.google.android.gms.auth.api.signin.permission.REVOCATION_NOTIFICATION" /> <!-- Needs to be explicitly declared on P+ -->
111-->[com.google.android.gms:play-services-auth:17.0.0] AndroidManifest.xml:36:13-107
112        <uses-library
112-->[com.google.android.gms:play-services-maps:17.0.0] AndroidManifest.xml:33:9-35:40
113            android:name="org.apache.http.legacy"
113-->[com.google.android.gms:play-services-maps:17.0.0] AndroidManifest.xml:34:13-50
114            android:required="false" />
114-->[com.google.android.gms:play-services-maps:17.0.0] AndroidManifest.xml:35:13-37
115
116        <activity
116-->[com.google.android.gms:play-services-base:17.5.0] AndroidManifest.xml:23:9-26:75
117            android:name="com.google.android.gms.common.api.GoogleApiActivity"
117-->[com.google.android.gms:play-services-base:17.5.0] AndroidManifest.xml:24:13-79
118            android:exported="false"
118-->[com.google.android.gms:play-services-base:17.5.0] AndroidManifest.xml:25:13-37
119            android:theme="@android:style/Theme.Translucent.NoTitleBar" />
119-->[com.google.android.gms:play-services-base:17.5.0] AndroidManifest.xml:26:13-72
120
121        <meta-data
121-->[com.google.android.gms:play-services-basement:17.6.0] AndroidManifest.xml:23:9-25:69
122            android:name="com.google.android.gms.version"
122-->[com.google.android.gms:play-services-basement:17.6.0] AndroidManifest.xml:24:13-58
123            android:value="@integer/google_play_services_version" />
123-->[com.google.android.gms:play-services-basement:17.6.0] AndroidManifest.xml:25:13-66
124
125        <provider
125-->[androidx.emoji2:emoji2:1.0.0] AndroidManifest.xml:26:9-34:20
126            android:name="androidx.startup.InitializationProvider"
126-->[androidx.emoji2:emoji2:1.0.0] AndroidManifest.xml:27:13-67
127            android:authorities="com.ecommerce.androidx-startup"
127-->[androidx.emoji2:emoji2:1.0.0] AndroidManifest.xml:28:13-68
128            android:exported="false" >
128-->[androidx.emoji2:emoji2:1.0.0] AndroidManifest.xml:29:13-37
129            <meta-data
129-->[androidx.emoji2:emoji2:1.0.0] AndroidManifest.xml:31:13-33:52
130                android:name="androidx.emoji2.text.EmojiCompatInitializer"
130-->[androidx.emoji2:emoji2:1.0.0] AndroidManifest.xml:32:17-75
131                android:value="androidx.startup" />
131-->[androidx.emoji2:emoji2:1.0.0] AndroidManifest.xml:33:17-49
132            <meta-data
132-->[androidx.lifecycle:lifecycle-process:2.4.0] AndroidManifest.xml:31:13-33:52
133                android:name="androidx.lifecycle.ProcessLifecycleInitializer"
133-->[androidx.lifecycle:lifecycle-process:2.4.0] AndroidManifest.xml:32:17-78
134                android:value="androidx.startup" />
134-->[androidx.lifecycle:lifecycle-process:2.4.0] AndroidManifest.xml:33:17-49
135        </provider>
136    </application>
137
138</manifest>